<?xml version="1.0" encoding="UTF-8"?>
<coverage generated="1773776839529" clover="3.2.0">
  <project timestamp="1773776839529" name="All files">
    <metrics statements="7" coveredstatements="7" conditionals="17" coveredconditionals="17" methods="1" coveredmethods="1" elements="25" coveredelements="25" complexity="0" loc="7" ncloc="7" packages="1" files="1" classes="1"/>
    <file name="userValidator.ts" path="/home/william/Bureau/EPHEC/2025-2026/Dev3/Projet/dev3-backend-tp1/server/src/utils/userValidator.ts">
      <metrics statements="7" coveredstatements="7" conditionals="17" coveredconditionals="17" methods="1" coveredmethods="1"/>
      <line num="14" count="1" type="stmt"/>
      <line num="15" count="20" type="cond" truecount="2" falsecount="0"/>
      <line num="16" count="18" type="cond" truecount="4" falsecount="0"/>
      <line num="17" count="10" type="cond" truecount="2" falsecount="0"/>
      <line num="20" count="5" type="cond" truecount="5" falsecount="0"/>
      <line num="23" count="4" type="cond" truecount="4" falsecount="0"/>
      <line num="25" count="2" type="stmt"/>
    </file>
  </project>
</coverage>
