{"/home/william/Bureau/EPHEC/2025-2026/Dev3/Projet/dev3-backend-tp1/server/src/utils/userValidator.ts": {"path":"/home/william/Bureau/EPHEC/2025-2026/Dev3/Projet/dev3-backend-tp1/server/src/utils/userValidator.ts","statementMap":{"0":{"start":{"line":14,"column":0},"end":{"line":14,"column":16}},"1":{"start":{"line":15,"column":4},"end":{"line":15,"column":54}},"2":{"start":{"line":15,"column":21},"end":{"line":15,"column":54}},"3":{"start":{"line":16,"column":4},"end":{"line":16,"column":55}},"4":{"start":{"line":16,"column":42},"end":{"line":16,"column":55}},"5":{"start":{"line":17,"column":4},"end":{"line":17,"column":52}},"6":{"start":{"line":17,"column":20},"end":{"line":17,"column":52}},"7":{"start":{"line":20,"column":4},"end":{"line":20,"column":100}},"8":{"start":{"line":20,"column":67},"end":{"line":20,"column":100}},"9":{"start":{"line":23,"column":4},"end":{"line":23,"column":68}},"10":{"start":{"line":23,"column":55},"end":{"line":23,"column":68}},"11":{"start":{"line":25,"column":4},"end":{"line":25,"column":null}}},"fnMap":{"0":{"name":"validateUserRegistration","decl":{"start":{"line":14,"column":16},"end":{"line":14,"column":40}},"loc":{"start":{"line":14,"column":84},"end":{"line":26,"column":1}}}},"branchMap":{"0":{"loc":{"start":{"line":15,"column":4},"end":{"line":15,"column":54}},"type":"if","locations":[{"start":{"line":15,"column":4},"end":{"line":15,"column":54}},{"start":{},"end":{}}]},"1":{"loc":{"start":{"line":16,"column":4},"end":{"line":16,"column":55}},"type":"if","locations":[{"start":{"line":16,"column":4},"end":{"line":16,"column":55}},{"start":{},"end":{}}]},"2":{"loc":{"start":{"line":16,"column":8},"end":{"line":16,"column":39}},"type":"binary-expr","locations":[{"start":{"line":16,"column":8},"end":{"line":16,"column":16}},{"start":{"line":16,"column":20},"end":{"line":16,"column":39}}]},"3":{"loc":{"start":{"line":17,"column":4},"end":{"line":17,"column":52}},"type":"if","locations":[{"start":{"line":17,"column":4},"end":{"line":17,"column":52}},{"start":{},"end":{}}]},"4":{"loc":{"start":{"line":20,"column":4},"end":{"line":20,"column":100}},"type":"if","locations":[{"start":{"line":20,"column":4},"end":{"line":20,"column":100}},{"start":{},"end":{}}]},"5":{"loc":{"start":{"line":20,"column":8},"end":{"line":20,"column":64}},"type":"binary-expr","locations":[{"start":{"line":20,"column":8},"end":{"line":20,"column":23}},{"start":{"line":20,"column":27},"end":{"line":20,"column":41}},{"start":{"line":20,"column":45},"end":{"line":20,"column":64}}]},"6":{"loc":{"start":{"line":23,"column":4},"end":{"line":23,"column":68}},"type":"if","locations":[{"start":{"line":23,"column":4},"end":{"line":23,"column":68}},{"start":{},"end":{}}]},"7":{"loc":{"start":{"line":23,"column":8},"end":{"line":23,"column":52}},"type":"binary-expr","locations":[{"start":{"line":23,"column":8},"end":{"line":23,"column":28}},{"start":{"line":23,"column":32},"end":{"line":23,"column":52}}]}},"s":{"0":1,"1":20,"2":2,"3":18,"4":8,"5":10,"6":5,"7":5,"8":1,"9":4,"10":2,"11":2},"f":{"0":20},"b":{"0":[2,18],"1":[8,10],"2":[18,9],"3":[5,5],"4":[1,4],"5":[5,4,3],"6":[2,2],"7":[4,3]}}
}
